<?xml version="1.0" encoding="UTF-8"?>
<!-- Generated by org.testng.reporters.JUnitXMLReporter -->
<testsuite ignored="0" hostname="ABNER" failures="1" tests="1" name="run on Headless Chrome" time="0.029" errors="0" timestamp="22 Jan 2022 16:19:32 GMT">
  <testcase classname="handle.data.Trans_Data_From_Web" name="@AfterClass afterClass" time="0.005">
    <failure type="java.lang.NullPointerException" message="Cannot invoke &amp;quot;org.openqa.selenium.WebDriver.close()&amp;quot; because &amp;quot;this.driver&amp;quot; is null">
      <![CDATA[java.lang.NullPointerException: Cannot invoke "org.openqa.selenium.WebDriver.close()" because "this.driver" is null
at handle.data.Trans_Data_From_Web.afterClass(Trans_Data_From_Web.java:98)
... Removed 26 stack frames]]>
    </failure>
  </testcase> <!-- @AfterClass afterClass -->
  <testcase classname="handle.data.Trans_Data_From_Web" name="TC_02_Translate" time="0.0">
    <failure type="org.testng.TestNGException" message="
Parameter &amp;apos;browser&amp;apos; is required by @Test on method TC_02_Translate but has not been marked @Optional or defined
in C:\Users\Admin\Desktop\DA2\handle_data_selenium\src\test\resources\runTestCases.xml">
      <![CDATA[org.testng.TestNGException: 
Parameter 'browser' is required by @Test on method TC_02_Translate but has not been marked @Optional or defined
in C:\Users\Admin\Desktop\DA2\handle_data_selenium\src\test\resources\runTestCases.xml
... Removed 24 stack frames]]>
    </failure>
  </testcase> <!-- TC_02_Translate -->
</testsuite> <!-- run on Headless Chrome -->
